<?xml version="1.0" encoding="UTF-8"?>
<testsuite xmlns:xsi="http://www.w3.org/2001/XMLSchema-instance" xsi:noNamespaceSchemaLocation="https://maven.apache.org/surefire/maven-surefire-plugin/xsd/surefire-test-report-3.0.xsd" version="3.0" name="TestSuite" time="187.455" tests="7" errors="0" skipped="0" failures="7">
  <properties>
[...]
</properties>
  <testcase name="runScenario[&quot;Verify Favourites functionality&quot;, &quot;Optional[BO user Test cases]&quot;](1)" classname="RunCukesTest" time="32.539">
    <failure message="unknown error: net::ERR_CONNECTION_TIMED_OUT&#10;  (Session info: chrome=147.0.7727.56)&#10;Build info: version: &apos;4.2.2&apos;, revision: &apos;683ccb65d6&apos;&#10;System info: host: &apos;EGORNIKER-NB&apos;, ip: &apos;192.168.178.26&apos;, os.name: &apos;Windows 11&apos;, os.arch: &apos;amd64&apos;, os.version: &apos;10.0&apos;, java.version: &apos;19.0.2&apos;&#10;Driver info: org.openqa.selenium.chrome.ChromeDriver&#10;Command: [0183533b6102ab3bb29394c6738f3d1a, get {url=https://10.225.92.180:8443/prweb}]&#10;Capabilities {acceptInsecureCerts: false, browserName: chrome, browserVersion: 147.0.7727.56, chrome: {chromedriverVersion: 147.0.7727.57 (b4f28b5637d0..., userDataDir: C:\Users\E59B5~1.GOR\AppDat...}, fedcm:accounts: true, goog:chromeOptions: {debuggerAddress: localhost:62569}, goog:processID: 43952, networkConnectionEnabled: false, pageLoadStrategy: normal, platformName: WINDOWS, proxy: Proxy(), se:cdp: ws://localhost:62569/devtoo..., se:cdpVersion: 147.0.7727.56, setWindowRect: true, strictFileInteractability: false, timeouts: {implicit: 0, pageLoad: 300000, script: 30000}, unhandledPromptBehavior: accept, webauthn:extension:credBlob: true, webauthn:extension:largeBlob: true, webauthn:extension:minPinLength: true, webauthn:extension:prf: true, webauthn:virtualAuthenticators: true}&#10;Session ID: 0183533b6102ab3bb29394c6738f3d1a" type="org.openqa.selenium.WebDriverException"><![CDATA[org.openqa.selenium.WebDriverException: 
unknown error: net::ERR_CONNECTION_TIMED_OUT
  (Session info: chrome=147.0.7727.56)
Build info: version: '4.2.2', revision: '683ccb65d6'
System info: host: 'EGORNIKER-NB', ip: '192.168.178.26', os.name: 'Windows 11', os.arch: 'amd64', os.version: '10.0', java.version: '19.0.2'
Driver info: org.openqa.selenium.chrome.ChromeDriver
Command: [0183533b6102ab3bb29394c6738f3d1a, get {url=https://10.225.92.180:8443/prweb}]
Capabilities {acceptInsecureCerts: false, browserName: chrome, browserVersion: 147.0.7727.56, chrome: {chromedriverVersion: 147.0.7727.57 (b4f28b5637d0..., userDataDir: C:\Users\E59B5~1.GOR\AppDat...}, fedcm:accounts: true, goog:chromeOptions: {debuggerAddress: localhost:62569}, goog:processID: 43952, networkConnectionEnabled: false, pageLoadStrategy: normal, platformName: WINDOWS, proxy: Proxy(), se:cdp: ws://localhost:62569/devtoo..., se:cdpVersion: 147.0.7727.56, setWindowRect: true, strictFileInteractability: false, timeouts: {implicit: 0, pageLoad: 300000, script: 30000}, unhandledPromptBehavior: accept, webauthn:extension:credBlob: true, webauthn:extension:largeBlob: true, webauthn:extension:minPinLength: true, webauthn:extension:prf: true, webauthn:virtualAuthenticators: true}
Session ID: 0183533b6102ab3bb29394c6738f3d1a
	at java.base/jdk.internal.reflect.DirectConstructorHandleAccessor.newInstance(DirectConstructorHandleAccessor.java:67)
	at java.base/java.lang.reflect.Constructor.newInstanceWithCaller(Constructor.java:500)
	at java.base/java.lang.reflect.Constructor.newInstance(Constructor.java:484)
	at org.openqa.selenium.remote.codec.w3c.W3CHttpResponseCodec.createException(W3CHttpResponseCodec.java:200)
	at org.openqa.selenium.remote.codec.w3c.W3CHttpResponseCodec.decode(W3CHttpResponseCodec.java:133)
	at org.openqa.selenium.remote.codec.w3c.W3CHttpResponseCodec.decode(W3CHttpResponseCodec.java:53)
	at org.openqa.selenium.remote.HttpCommandExecutor.execute(HttpCommandExecutor.java:184)
	at org.openqa.selenium.remote.service.DriverCommandExecutor.invokeExecute(DriverCommandExecutor.java:167)
	at org.openqa.selenium.remote.service.DriverCommandExecutor.execute(DriverCommandExecutor.java:142)
	at org.openqa.selenium.remote.RemoteWebDriver.execute(RemoteWebDriver.java:588)
	at org.openqa.selenium.remote.RemoteWebDriver.get(RemoteWebDriver.java:351)
	at com.pega.BrowserImpl.open(BrowserImpl.java:314)
	at com.pega.BrowserImpl.open(BrowserImpl.java:284)
	at com.pega.CRMBrowser.open(CRMBrowser.java:99)
	at com.pega.config.test.TestBase.configureBrowser(TestBase.java:60)
	at com.pega.CRMTestEnvironment.setUp(CRMTestEnvironment.java:76)
]]></failure>
    <system-out><![CDATA[17:00:31.037 [main] INFO com.pega.config.SUTConfig -- Setting is.pipeline.run property to false
17:00:31.039 [main] INFO com.pega.config.SUTConfig -- Debug mode is: false
17:00:31.039 [main] INFO com.pega.config.SUTConfig -- Attach PRPC logs?false
17:00:31.039 [main] INFO com.pega.TestEnvironmentImpl -- Logger level is set to : INFO
17:00:31.372 [main] INFO com.pega.config.util.GetChromeDriver -- yes chrome.exe exists
17:00:31.561 [main] INFO com.pega.config.util.GetChromeDriver -- current driver version is 126.0.6478.126
17:00:31.562 [main] INFO com.pega.config.util.GetChromeDriver -- current version of chrome 126.0.6478.126
17:00:31.564 [main] INFO com.pega.config.util.GetChromeDriver -- local Chrome version is 147
All SSL Certificates will be accepted...
Checking availability of URL: https://googlechromelabs.github.io/chrome-for-testing/known-good-versions.json
17:00:31.957 [main] INFO com.pega.config.util.GetChromeDriver -- Chrome Version: 147	ChromeDriver version needed:147.0.7727.57
17:00:31.958 [main] INFO com.pega.config.util.GetChromeDriver -- Downloading the required chrome driver
All SSL Certificates will be accepted...
Checking availability of URL: https://storage.googleapis.com/chrome-for-testing-public/147.0.7727.57/win32/chromedriver-win32.zip
17:00:32.605 [main] INFO com.pega.config.util.GetChromeDriver -- File downloaded successfully
deleted directory successfully : binaries\chromedriver-win32
17:00:33.610 [main] INFO com.pega.config.util.GetChromeDriver -- chromedriver is downloaded
17:00:35.862 [main] INFO com.pega.drivers.PegaChromeDriver -- Chrome Driver launched successfully
17:00:36.306 [main] INFO com.pega.TestEnvironmentImpl -- Driver is initialised::ChromeDriver: chrome on WINDOWS (0183533b6102ab3bb29394c6738f3d1a)
17:00:36.307 [main] INFO com.pega.Browser -- Opening the URL
17:00:57.902 [AsyncHttpClient-1-4] WARN org.asynchttpclient.netty.handler.WebSocketHandler -- onError
java.net.SocketException: Connection reset
	at java.base/sun.nio.ch.SocketChannelImpl.throwConnectionReset(SocketChannelImpl.java:401)
	at java.base/sun.nio.ch.SocketChannelImpl.read(SocketChannelImpl.java:434)
	at io.netty.buffer.PooledByteBuf.setBytes(PooledByteBuf.java:254)
	at io.netty.buffer.AbstractByteBuf.writeBytes(AbstractByteBuf.java:1132)
	at io.netty.channel.socket.nio.NioSocketChannel.doReadBytes(NioSocketChannel.java:357)
	at io.netty.channel.nio.AbstractNioByteChannel$NioByteUnsafe.read(AbstractNioByteChannel.java:151)
	at io.netty.channel.nio.NioEventLoop.processSelectedKey(NioEventLoop.java:788)
	at io.netty.channel.nio.NioEventLoop.processSelectedKeysOptimized(NioEventLoop.java:724)
	at io.netty.channel.nio.NioEventLoop.processSelectedKeys(NioEventLoop.java:650)
	at io.netty.channel.nio.NioEventLoop.run(NioEventLoop.java:562)
	at io.netty.util.concurrent.SingleThreadEventExecutor$4.run(SingleThreadEventExecutor.java:997)
	at io.netty.util.internal.ThreadExecutorMap$2.run(ThreadExecutorMap.java:74)
	at io.netty.util.concurrent.FastThreadLocalRunnable.run(FastThreadLocalRunnable.java:30)
	at java.base/java.lang.Thread.run(Thread.java:1589)
]]></system-out>
    <system-err><![CDATA[Apr. 17, 2026 5:00:29 PM io.cucumber.guice.InjectorSourceFactory loadInjectorSourceFromProperties
WARNUNG: The 'guice.injector-source' property has been deprecated.Add a class implementing 'io.cucumber.guice.InjectorSource' on the glue path instead
Starting ChromeDriver 147.0.7727.57 (b4f28b5637d02137aa7f80eb8d589b0c005c3426-refs/branch-heads/7727_49@{#7}) on port 54507
Only local connections are allowed.
Please see https://chromedriver.chromium.org/security-considerations for suggestions on keeping ChromeDriver safe.
ChromeDriver was started successfully on port 54507.
Apr. 17, 2026 5:00:35 PM org.openqa.selenium.remote.ProtocolHandshake createSession
INFORMATION: Detected upstream dialect: W3C
Apr. 17, 2026 5:00:35 PM org.openqa.selenium.devtools.CdpVersionFinder findNearestMatch
WARNUNG: Unable to find an exact match for CDP version 147, so returning the closest version found: a no-op implementation
Apr. 17, 2026 5:00:35 PM org.openqa.selenium.devtools.CdpVersionFinder findNearestMatch
INFORMATION: Unable to find CDP implementation matching 147.
Apr. 17, 2026 5:00:35 PM org.openqa.selenium.chromium.ChromiumDriver lambda$new$3
WARNUNG: Unable to find version of CDP to use for . You may need to include a dependency on a specific version of the CDP using something similar to `org.seleniumhq.selenium:selenium-devtools-v86:4.2.2` where the version ("v86") matches the version of the chromium-based browser you're using and the version number of the artifact is the same as Selenium's.
Apr. 17, 2026 5:00:57 PM org.openqa.selenium.remote.http.WebSocket$Listener onError
WARNUNG: Connection reset
java.net.SocketException: Connection reset
	at java.base/sun.nio.ch.SocketChannelImpl.throwConnectionReset(SocketChannelImpl.java:401)
	at java.base/sun.nio.ch.SocketChannelImpl.read(SocketChannelImpl.java:434)
	at io.netty.buffer.PooledByteBuf.setBytes(PooledByteBuf.java:254)
	at io.netty.buffer.AbstractByteBuf.writeBytes(AbstractByteBuf.java:1132)
	at io.netty.channel.socket.nio.NioSocketChannel.doReadBytes(NioSocketChannel.java:357)
	at io.netty.channel.nio.AbstractNioByteChannel$NioByteUnsafe.read(AbstractNioByteChannel.java:151)
	at io.netty.channel.nio.NioEventLoop.processSelectedKey(NioEventLoop.java:788)
	at io.netty.channel.nio.NioEventLoop.processSelectedKeysOptimized(NioEventLoop.java:724)
	at io.netty.channel.nio.NioEventLoop.processSelectedKeys(NioEventLoop.java:650)
	at io.netty.channel.nio.NioEventLoop.run(NioEventLoop.java:562)
	at io.netty.util.concurrent.SingleThreadEventExecutor$4.run(SingleThreadEventExecutor.java:997)
	at io.netty.util.internal.ThreadExecutorMap$2.run(ThreadExecutorMap.java:74)
	at io.netty.util.concurrent.FastThreadLocalRunnable.run(FastThreadLocalRunnable.java:30)
	at java.base/java.lang.Thread.run(Thread.java:1589)

]]></system-err>
  </testcase>
  <testcase name="runScenario[&quot;Validation when Account is switched from Individual to Commercial&quot;, &quot;Optional[Demo Interaction Test cases]&quot;](2)" classname="RunCukesTest" time="28.334">
    <failure message="unknown error: net::ERR_CONNECTION_TIMED_OUT&#10;  (Session info: chrome=147.0.7727.56)&#10;Build info: version: &apos;4.2.2&apos;, revision: &apos;683ccb65d6&apos;&#10;System info: host: &apos;EGORNIKER-NB&apos;, ip: &apos;192.168.178.26&apos;, os.name: &apos;Windows 11&apos;, os.arch: &apos;amd64&apos;, os.version: &apos;10.0&apos;, java.version: &apos;19.0.2&apos;&#10;Driver info: org.openqa.selenium.chrome.ChromeDriver&#10;Command: [baa96f6f81e94edbd5d1ba3d7fc08040, get {url=https://10.225.92.180:8443/prweb}]&#10;Capabilities {acceptInsecureCerts: false, browserName: chrome, browserVersion: 147.0.7727.56, chrome: {chromedriverVersion: 147.0.7727.57 (b4f28b5637d0..., userDataDir: C:\Users\E59B5~1.GOR\AppDat...}, fedcm:accounts: true, goog:chromeOptions: {debuggerAddress: localhost:60047}, goog:processID: 8204, networkConnectionEnabled: false, pageLoadStrategy: normal, platformName: WINDOWS, proxy: Proxy(), se:cdp: ws://localhost:60047/devtoo..., se:cdpVersion: 147.0.7727.56, setWindowRect: true, strictFileInteractability: false, timeouts: {implicit: 0, pageLoad: 300000, script: 30000}, unhandledPromptBehavior: accept, webauthn:extension:credBlob: true, webauthn:extension:largeBlob: true, webauthn:extension:minPinLength: true, webauthn:extension:prf: true, webauthn:virtualAuthenticators: true}&#10;Session ID: baa96f6f81e94edbd5d1ba3d7fc08040" type="org.openqa.selenium.WebDriverException"><![CDATA[org.openqa.selenium.WebDriverException: 
unknown error: net::ERR_CONNECTION_TIMED_OUT
  (Session info: chrome=147.0.7727.56)
Build info: version: '4.2.2', revision: '683ccb65d6'
System info: host: 'EGORNIKER-NB', ip: '192.168.178.26', os.name: 'Windows 11', os.arch: 'amd64', os.version: '10.0', java.version: '19.0.2'
Driver info: org.openqa.selenium.chrome.ChromeDriver
Command: [baa96f6f81e94edbd5d1ba3d7fc08040, get {url=https://10.225.92.180:8443/prweb}]
Capabilities {acceptInsecureCerts: false, browserName: chrome, browserVersion: 147.0.7727.56, chrome: {chromedriverVersion: 147.0.7727.57 (b4f28b5637d0..., userDataDir: C:\Users\E59B5~1.GOR\AppDat...}, fedcm:accounts: true, goog:chromeOptions: {debuggerAddress: localhost:60047}, goog:processID: 8204, networkConnectionEnabled: false, pageLoadStrategy: normal, platformName: WINDOWS, proxy: Proxy(), se:cdp: ws://localhost:60047/devtoo..., se:cdpVersion: 147.0.7727.56, setWindowRect: true, strictFileInteractability: false, timeouts: {implicit: 0, pageLoad: 300000, script: 30000}, unhandledPromptBehavior: accept, webauthn:extension:credBlob: true, webauthn:extension:largeBlob: true, webauthn:extension:minPinLength: true, webauthn:extension:prf: true, webauthn:virtualAuthenticators: true}
Session ID: baa96f6f81e94edbd5d1ba3d7fc08040
	at java.base/jdk.internal.reflect.DirectConstructorHandleAccessor.newInstance(DirectConstructorHandleAccessor.java:67)
	at java.base/java.lang.reflect.Constructor.newInstanceWithCaller(Constructor.java:500)
	at java.base/java.lang.reflect.Constructor.newInstance(Constructor.java:484)
	at org.openqa.selenium.remote.codec.w3c.W3CHttpResponseCodec.createException(W3CHttpResponseCodec.java:200)
	at org.openqa.selenium.remote.codec.w3c.W3CHttpResponseCodec.decode(W3CHttpResponseCodec.java:133)
	at org.openqa.selenium.remote.codec.w3c.W3CHttpResponseCodec.decode(W3CHttpResponseCodec.java:53)
	at org.openqa.selenium.remote.HttpCommandExecutor.execute(HttpCommandExecutor.java:184)
	at org.openqa.selenium.remote.service.DriverCommandExecutor.invokeExecute(DriverCommandExecutor.java:167)
	at org.openqa.selenium.remote.service.DriverCommandExecutor.execute(DriverCommandExecutor.java:142)
	at org.openqa.selenium.remote.RemoteWebDriver.execute(RemoteWebDriver.java:588)
	at org.openqa.selenium.remote.RemoteWebDriver.get(RemoteWebDriver.java:351)
	at com.pega.BrowserImpl.open(BrowserImpl.java:314)
	at com.pega.BrowserImpl.open(BrowserImpl.java:284)
	at com.pega.CRMBrowser.open(CRMBrowser.java:99)
	at com.pega.config.test.TestBase.configureBrowser(TestBase.java:60)
	at com.pega.CRMTestEnvironment.setUp(CRMTestEnvironment.java:76)
]]></failure>
    <system-out><![CDATA[17:01:03.165 [main] INFO com.pega.config.SUTConfig -- Setting is.pipeline.run property to false
17:01:03.165 [main] INFO com.pega.config.SUTConfig -- Debug mode is: false
17:01:03.165 [main] INFO com.pega.config.SUTConfig -- Attach PRPC logs?false
17:01:03.166 [main] INFO com.pega.TestEnvironmentImpl -- Logger level is set to : INFO
17:01:03.378 [main] INFO com.pega.config.util.GetChromeDriver -- yes chrome.exe exists
17:01:03.459 [main] INFO com.pega.config.util.GetChromeDriver -- current driver version is 147.0.7727.57
17:01:03.459 [main] INFO com.pega.config.util.GetChromeDriver -- current version of chrome 147.0.7727.57
17:01:03.459 [main] INFO com.pega.config.util.GetChromeDriver -- local Chrome version is 147
All SSL Certificates will be accepted...
Checking availability of URL: https://googlechromelabs.github.io/chrome-for-testing/known-good-versions.json
17:01:03.556 [main] INFO com.pega.config.util.GetChromeDriver -- Chrome Version: 147	ChromeDriver version needed:147.0.7727.57
17:01:03.556 [main] INFO com.pega.config.util.GetChromeDriver -- Required chromedriver version is already available. Not attempting to download any new version
17:01:04.575 [main] INFO com.pega.drivers.PegaChromeDriver -- Chrome Driver launched successfully
17:01:04.668 [main] INFO com.pega.TestEnvironmentImpl -- Driver is initialised::ChromeDriver: chrome on WINDOWS (baa96f6f81e94edbd5d1ba3d7fc08040)
17:01:04.668 [main] INFO com.pega.Browser -- Opening the URL
]]></system-out>
    <system-err><![CDATA[Starting ChromeDriver 147.0.7727.57 (b4f28b5637d02137aa7f80eb8d589b0c005c3426-refs/branch-heads/7727_49@{#7}) on port 64378
Only local connections are allowed.
Please see https://chromedriver.chromium.org/security-considerations for suggestions on keeping ChromeDriver safe.
ChromeDriver was started successfully on port 64378.
Apr. 17, 2026 5:01:04 PM org.openqa.selenium.remote.ProtocolHandshake createSession
INFORMATION: Detected upstream dialect: W3C
Apr. 17, 2026 5:01:04 PM org.openqa.selenium.devtools.CdpVersionFinder findNearestMatch
WARNUNG: Unable to find an exact match for CDP version 147, so returning the closest version found: a no-op implementation
Apr. 17, 2026 5:01:04 PM org.openqa.selenium.devtools.CdpVersionFinder findNearestMatch
INFORMATION: Unable to find CDP implementation matching 147.
Apr. 17, 2026 5:01:04 PM org.openqa.selenium.chromium.ChromiumDriver lambda$new$3
WARNUNG: Unable to find version of CDP to use for . You may need to include a dependency on a specific version of the CDP using something similar to `org.seleniumhq.selenium:selenium-devtools-v86:4.2.2` where the version ("v86") matches the version of the chromium-based browser you're using and the version number of the artifact is the same as Selenium's.
]]></system-err>
  </testcase>
  <testcase name="runScenario[&quot;Verify all the options present under account and Create Lead for user&quot;, &quot;Optional[Demo Interaction Test cases]&quot;](3)" classname="RunCukesTest" time="28.733">
    <failure message="unknown error: net::ERR_CONNECTION_TIMED_OUT&#10;  (Session info: chrome=147.0.7727.56)&#10;Build info: version: &apos;4.2.2&apos;, revision: &apos;683ccb65d6&apos;&#10;System info: host: &apos;EGORNIKER-NB&apos;, ip: &apos;192.168.178.26&apos;, os.name: &apos;Windows 11&apos;, os.arch: &apos;amd64&apos;, os.version: &apos;10.0&apos;, java.version: &apos;19.0.2&apos;&#10;Driver info: org.openqa.selenium.chrome.ChromeDriver&#10;Command: [9baa8ec08b1c6973e7838755500bca0e, get {url=https://10.225.92.180:8443/prweb}]&#10;Capabilities {acceptInsecureCerts: false, browserName: chrome, browserVersion: 147.0.7727.56, chrome: {chromedriverVersion: 147.0.7727.57 (b4f28b5637d0..., userDataDir: C:\Users\E59B5~1.GOR\AppDat...}, fedcm:accounts: true, goog:chromeOptions: {debuggerAddress: localhost:58744}, goog:processID: 31964, networkConnectionEnabled: false, pageLoadStrategy: normal, platformName: WINDOWS, proxy: Proxy(), se:cdp: ws://localhost:58744/devtoo..., se:cdpVersion: 147.0.7727.56, setWindowRect: true, strictFileInteractability: false, timeouts: {implicit: 0, pageLoad: 300000, script: 30000}, unhandledPromptBehavior: accept, webauthn:extension:credBlob: true, webauthn:extension:largeBlob: true, webauthn:extension:minPinLength: true, webauthn:extension:prf: true, webauthn:virtualAuthenticators: true}&#10;Session ID: 9baa8ec08b1c6973e7838755500bca0e" type="org.openqa.selenium.WebDriverException"><![CDATA[org.openqa.selenium.WebDriverException: 
unknown error: net::ERR_CONNECTION_TIMED_OUT
  (Session info: chrome=147.0.7727.56)
Build info: version: '4.2.2', revision: '683ccb65d6'
System info: host: 'EGORNIKER-NB', ip: '192.168.178.26', os.name: 'Windows 11', os.arch: 'amd64', os.version: '10.0', java.version: '19.0.2'
Driver info: org.openqa.selenium.chrome.ChromeDriver
Command: [9baa8ec08b1c6973e7838755500bca0e, get {url=https://10.225.92.180:8443/prweb}]
Capabilities {acceptInsecureCerts: false, browserName: chrome, browserVersion: 147.0.7727.56, chrome: {chromedriverVersion: 147.0.7727.57 (b4f28b5637d0..., userDataDir: C:\Users\E59B5~1.GOR\AppDat...}, fedcm:accounts: true, goog:chromeOptions: {debuggerAddress: localhost:58744}, goog:processID: 31964, networkConnectionEnabled: false, pageLoadStrategy: normal, platformName: WINDOWS, proxy: Proxy(), se:cdp: ws://localhost:58744/devtoo..., se:cdpVersion: 147.0.7727.56, setWindowRect: true, strictFileInteractability: false, timeouts: {implicit: 0, pageLoad: 300000, script: 30000}, unhandledPromptBehavior: accept, webauthn:extension:credBlob: true, webauthn:extension:largeBlob: true, webauthn:extension:minPinLength: true, webauthn:extension:prf: true, webauthn:virtualAuthenticators: true}
Session ID: 9baa8ec08b1c6973e7838755500bca0e
	at java.base/jdk.internal.reflect.DirectConstructorHandleAccessor.newInstance(DirectConstructorHandleAccessor.java:67)
	at java.base/java.lang.reflect.Constructor.newInstanceWithCaller(Constructor.java:500)
	at java.base/java.lang.reflect.Constructor.newInstance(Constructor.java:484)
	at org.openqa.selenium.remote.codec.w3c.W3CHttpResponseCodec.createException(W3CHttpResponseCodec.java:200)
	at org.openqa.selenium.remote.codec.w3c.W3CHttpResponseCodec.decode(W3CHttpResponseCodec.java:133)
	at org.openqa.selenium.remote.codec.w3c.W3CHttpResponseCodec.decode(W3CHttpResponseCodec.java:53)
	at org.openqa.selenium.remote.HttpCommandExecutor.execute(HttpCommandExecutor.java:184)
	at org.openqa.selenium.remote.service.DriverCommandExecutor.invokeExecute(DriverCommandExecutor.java:167)
	at org.openqa.selenium.remote.service.DriverCommandExecutor.execute(DriverCommandExecutor.java:142)
	at org.openqa.selenium.remote.RemoteWebDriver.execute(RemoteWebDriver.java:588)
	at org.openqa.selenium.remote.RemoteWebDriver.get(RemoteWebDriver.java:351)
	at com.pega.BrowserImpl.open(BrowserImpl.java:314)
	at com.pega.BrowserImpl.open(BrowserImpl.java:284)
	at com.pega.CRMBrowser.open(CRMBrowser.java:99)
	at com.pega.config.test.TestBase.configureBrowser(TestBase.java:60)
	at com.pega.CRMTestEnvironment.setUp(CRMTestEnvironment.java:76)
]]></failure>
    <system-out><![CDATA[17:01:31.500 [main] INFO com.pega.config.SUTConfig -- Setting is.pipeline.run property to false
17:01:31.500 [main] INFO com.pega.config.SUTConfig -- Debug mode is: false
17:01:31.500 [main] INFO com.pega.config.SUTConfig -- Attach PRPC logs?false
17:01:31.500 [main] INFO com.pega.TestEnvironmentImpl -- Logger level is set to : INFO
17:01:31.696 [main] INFO com.pega.config.util.GetChromeDriver -- yes chrome.exe exists
17:01:31.771 [main] INFO com.pega.config.util.GetChromeDriver -- current driver version is 147.0.7727.57
17:01:31.773 [main] INFO com.pega.config.util.GetChromeDriver -- current version of chrome 147.0.7727.57
17:01:31.773 [main] INFO com.pega.config.util.GetChromeDriver -- local Chrome version is 147
All SSL Certificates will be accepted...
Checking availability of URL: https://googlechromelabs.github.io/chrome-for-testing/known-good-versions.json
17:01:31.857 [main] INFO com.pega.config.util.GetChromeDriver -- Chrome Version: 147	ChromeDriver version needed:147.0.7727.57
17:01:31.857 [main] INFO com.pega.config.util.GetChromeDriver -- Required chromedriver version is already available. Not attempting to download any new version
17:01:32.823 [main] INFO com.pega.drivers.PegaChromeDriver -- Chrome Driver launched successfully
17:01:33.234 [main] INFO com.pega.TestEnvironmentImpl -- Driver is initialised::ChromeDriver: chrome on WINDOWS (9baa8ec08b1c6973e7838755500bca0e)
17:01:33.234 [main] INFO com.pega.Browser -- Opening the URL
]]></system-out>
    <system-err><![CDATA[Starting ChromeDriver 147.0.7727.57 (b4f28b5637d02137aa7f80eb8d589b0c005c3426-refs/branch-heads/7727_49@{#7}) on port 58068
Only local connections are allowed.
Please see https://chromedriver.chromium.org/security-considerations for suggestions on keeping ChromeDriver safe.
ChromeDriver was started successfully on port 58068.
Apr. 17, 2026 5:01:32 PM org.openqa.selenium.remote.ProtocolHandshake createSession
INFORMATION: Detected upstream dialect: W3C
Apr. 17, 2026 5:01:32 PM org.openqa.selenium.devtools.CdpVersionFinder findNearestMatch
WARNUNG: Unable to find an exact match for CDP version 147, so returning the closest version found: a no-op implementation
Apr. 17, 2026 5:01:32 PM org.openqa.selenium.devtools.CdpVersionFinder findNearestMatch
INFORMATION: Unable to find CDP implementation matching 147.
Apr. 17, 2026 5:01:32 PM org.openqa.selenium.chromium.ChromiumDriver lambda$new$3
WARNUNG: Unable to find version of CDP to use for . You may need to include a dependency on a specific version of the CDP using something similar to `org.seleniumhq.selenium:selenium-devtools-v86:4.2.2` where the version ("v86") matches the version of the chromium-based browser you're using and the version number of the artifact is the same as Selenium's.
]]></system-err>
  </testcase>
  <testcase name="runScenario[&quot;Outbound phone call with Address Change and Disconnected Number&quot;, &quot;Optional[Outbound Phone call test cases]&quot;](4)" classname="RunCukesTest" time="28.566">
    <failure message="unknown error: net::ERR_CONNECTION_TIMED_OUT&#10;  (Session info: chrome=147.0.7727.56)&#10;Build info: version: &apos;4.2.2&apos;, revision: &apos;683ccb65d6&apos;&#10;System info: host: &apos;EGORNIKER-NB&apos;, ip: &apos;192.168.178.26&apos;, os.name: &apos;Windows 11&apos;, os.arch: &apos;amd64&apos;, os.version: &apos;10.0&apos;, java.version: &apos;19.0.2&apos;&#10;Driver info: org.openqa.selenium.chrome.ChromeDriver&#10;Command: [6b3adee96c10561fd5b9698dc69b10fa, get {url=https://10.225.92.180:8443/prweb}]&#10;Capabilities {acceptInsecureCerts: false, browserName: chrome, browserVersion: 147.0.7727.56, chrome: {chromedriverVersion: 147.0.7727.57 (b4f28b5637d0..., userDataDir: C:\Users\E59B5~1.GOR\AppDat...}, fedcm:accounts: true, goog:chromeOptions: {debuggerAddress: localhost:52552}, goog:processID: 41992, networkConnectionEnabled: false, pageLoadStrategy: normal, platformName: WINDOWS, proxy: Proxy(), se:cdp: ws://localhost:52552/devtoo..., se:cdpVersion: 147.0.7727.56, setWindowRect: true, strictFileInteractability: false, timeouts: {implicit: 0, pageLoad: 300000, script: 30000}, unhandledPromptBehavior: accept, webauthn:extension:credBlob: true, webauthn:extension:largeBlob: true, webauthn:extension:minPinLength: true, webauthn:extension:prf: true, webauthn:virtualAuthenticators: true}&#10;Session ID: 6b3adee96c10561fd5b9698dc69b10fa" type="org.openqa.selenium.WebDriverException"><![CDATA[org.openqa.selenium.WebDriverException: 
unknown error: net::ERR_CONNECTION_TIMED_OUT
  (Session info: chrome=147.0.7727.56)
Build info: version: '4.2.2', revision: '683ccb65d6'
System info: host: 'EGORNIKER-NB', ip: '192.168.178.26', os.name: 'Windows 11', os.arch: 'amd64', os.version: '10.0', java.version: '19.0.2'
Driver info: org.openqa.selenium.chrome.ChromeDriver
Command: [6b3adee96c10561fd5b9698dc69b10fa, get {url=https://10.225.92.180:8443/prweb}]
Capabilities {acceptInsecureCerts: false, browserName: chrome, browserVersion: 147.0.7727.56, chrome: {chromedriverVersion: 147.0.7727.57 (b4f28b5637d0..., userDataDir: C:\Users\E59B5~1.GOR\AppDat...}, fedcm:accounts: true, goog:chromeOptions: {debuggerAddress: localhost:52552}, goog:processID: 41992, networkConnectionEnabled: false, pageLoadStrategy: normal, platformName: WINDOWS, proxy: Proxy(), se:cdp: ws://localhost:52552/devtoo..., se:cdpVersion: 147.0.7727.56, setWindowRect: true, strictFileInteractability: false, timeouts: {implicit: 0, pageLoad: 300000, script: 30000}, unhandledPromptBehavior: accept, webauthn:extension:credBlob: true, webauthn:extension:largeBlob: true, webauthn:extension:minPinLength: true, webauthn:extension:prf: true, webauthn:virtualAuthenticators: true}
Session ID: 6b3adee96c10561fd5b9698dc69b10fa
	at java.base/jdk.internal.reflect.DirectConstructorHandleAccessor.newInstance(DirectConstructorHandleAccessor.java:67)
	at java.base/java.lang.reflect.Constructor.newInstanceWithCaller(Constructor.java:500)
	at java.base/java.lang.reflect.Constructor.newInstance(Constructor.java:484)
	at org.openqa.selenium.remote.codec.w3c.W3CHttpResponseCodec.createException(W3CHttpResponseCodec.java:200)
	at org.openqa.selenium.remote.codec.w3c.W3CHttpResponseCodec.decode(W3CHttpResponseCodec.java:133)
	at org.openqa.selenium.remote.codec.w3c.W3CHttpResponseCodec.decode(W3CHttpResponseCodec.java:53)
	at org.openqa.selenium.remote.HttpCommandExecutor.execute(HttpCommandExecutor.java:184)
	at org.openqa.selenium.remote.service.DriverCommandExecutor.invokeExecute(DriverCommandExecutor.java:167)
	at org.openqa.selenium.remote.service.DriverCommandExecutor.execute(DriverCommandExecutor.java:142)
	at org.openqa.selenium.remote.RemoteWebDriver.execute(RemoteWebDriver.java:588)
	at org.openqa.selenium.remote.RemoteWebDriver.get(RemoteWebDriver.java:351)
	at com.pega.BrowserImpl.open(BrowserImpl.java:314)
	at com.pega.BrowserImpl.open(BrowserImpl.java:284)
	at com.pega.CRMBrowser.open(CRMBrowser.java:99)
	at com.pega.config.test.TestBase.configureBrowser(TestBase.java:60)
	at com.pega.CRMTestEnvironment.setUp(CRMTestEnvironment.java:76)
]]></failure>
    <system-out><![CDATA[17:02:00.225 [main] INFO com.pega.config.SUTConfig -- Setting is.pipeline.run property to false
17:02:00.226 [main] INFO com.pega.config.SUTConfig -- Debug mode is: false
17:02:00.226 [main] INFO com.pega.config.SUTConfig -- Attach PRPC logs?false
17:02:00.226 [main] INFO com.pega.TestEnvironmentImpl -- Logger level is set to : INFO
17:02:00.406 [main] INFO com.pega.config.util.GetChromeDriver -- yes chrome.exe exists
17:02:00.484 [main] INFO com.pega.config.util.GetChromeDriver -- current driver version is 147.0.7727.57
17:02:00.485 [main] INFO com.pega.config.util.GetChromeDriver -- current version of chrome 147.0.7727.57
17:02:00.485 [main] INFO com.pega.config.util.GetChromeDriver -- local Chrome version is 147
All SSL Certificates will be accepted...
Checking availability of URL: https://googlechromelabs.github.io/chrome-for-testing/known-good-versions.json
17:02:00.573 [main] INFO com.pega.config.util.GetChromeDriver -- Chrome Version: 147	ChromeDriver version needed:147.0.7727.57
17:02:00.573 [main] INFO com.pega.config.util.GetChromeDriver -- Required chromedriver version is already available. Not attempting to download any new version
17:02:01.497 [main] INFO com.pega.drivers.PegaChromeDriver -- Chrome Driver launched successfully
17:02:01.911 [main] INFO com.pega.TestEnvironmentImpl -- Driver is initialised::ChromeDriver: chrome on WINDOWS (6b3adee96c10561fd5b9698dc69b10fa)
17:02:01.911 [main] INFO com.pega.Browser -- Opening the URL
]]></system-out>
    <system-err><![CDATA[Starting ChromeDriver 147.0.7727.57 (b4f28b5637d02137aa7f80eb8d589b0c005c3426-refs/branch-heads/7727_49@{#7}) on port 60042
Only local connections are allowed.
Please see https://chromedriver.chromium.org/security-considerations for suggestions on keeping ChromeDriver safe.
ChromeDriver was started successfully on port 60042.
Apr. 17, 2026 5:02:01 PM org.openqa.selenium.remote.ProtocolHandshake createSession
INFORMATION: Detected upstream dialect: W3C
Apr. 17, 2026 5:02:01 PM org.openqa.selenium.devtools.CdpVersionFinder findNearestMatch
WARNUNG: Unable to find an exact match for CDP version 147, so returning the closest version found: a no-op implementation
Apr. 17, 2026 5:02:01 PM org.openqa.selenium.devtools.CdpVersionFinder findNearestMatch
INFORMATION: Unable to find CDP implementation matching 147.
Apr. 17, 2026 5:02:01 PM org.openqa.selenium.chromium.ChromiumDriver lambda$new$3
WARNUNG: Unable to find version of CDP to use for . You may need to include a dependency on a specific version of the CDP using something similar to `org.seleniumhq.selenium:selenium-devtools-v86:4.2.2` where the version ("v86") matches the version of the chromium-based browser you're using and the version number of the artifact is the same as Selenium's.
]]></system-err>
  </testcase>
  <testcase name="runScenario[&quot;Outbound phone call answered with DisputeTransaction&quot;, &quot;Optional[Outbound Phone call test cases]&quot;](5)" classname="RunCukesTest" time="10.06">
    <failure message="no such window: target window already closed&#10;from unknown error: web view not found&#10;  (Session info: chrome=147.0.7727.56)&#10;Build info: version: &apos;4.2.2&apos;, revision: &apos;683ccb65d6&apos;&#10;System info: host: &apos;EGORNIKER-NB&apos;, ip: &apos;192.168.178.26&apos;, os.name: &apos;Windows 11&apos;, os.arch: &apos;amd64&apos;, os.version: &apos;10.0&apos;, java.version: &apos;19.0.2&apos;&#10;Driver info: org.openqa.selenium.chrome.ChromeDriver&#10;Command: [418e5d1978fb52afecfb38a77229bfac, switchToFrame {id=null}]&#10;Capabilities {acceptInsecureCerts: false, browserName: chrome, browserVersion: 147.0.7727.56, chrome: {chromedriverVersion: 147.0.7727.57 (b4f28b5637d0..., userDataDir: C:\Users\E59B5~1.GOR\AppDat...}, fedcm:accounts: true, goog:chromeOptions: {debuggerAddress: localhost:58696}, goog:processID: 45932, networkConnectionEnabled: false, pageLoadStrategy: normal, platformName: WINDOWS, proxy: Proxy(), se:cdp: ws://localhost:58696/devtoo..., se:cdpVersion: 147.0.7727.56, setWindowRect: true, strictFileInteractability: false, timeouts: {implicit: 0, pageLoad: 300000, script: 30000}, unhandledPromptBehavior: accept, webauthn:extension:credBlob: true, webauthn:extension:largeBlob: true, webauthn:extension:minPinLength: true, webauthn:extension:prf: true, webauthn:virtualAuthenticators: true}&#10;Session ID: 418e5d1978fb52afecfb38a77229bfac" type="org.openqa.selenium.NoSuchWindowException"><![CDATA[org.openqa.selenium.NoSuchWindowException: 
no such window: target window already closed
from unknown error: web view not found
  (Session info: chrome=147.0.7727.56)
Build info: version: '4.2.2', revision: '683ccb65d6'
System info: host: 'EGORNIKER-NB', ip: '192.168.178.26', os.name: 'Windows 11', os.arch: 'amd64', os.version: '10.0', java.version: '19.0.2'
Driver info: org.openqa.selenium.chrome.ChromeDriver
Command: [418e5d1978fb52afecfb38a77229bfac, switchToFrame {id=null}]
Capabilities {acceptInsecureCerts: false, browserName: chrome, browserVersion: 147.0.7727.56, chrome: {chromedriverVersion: 147.0.7727.57 (b4f28b5637d0..., userDataDir: C:\Users\E59B5~1.GOR\AppDat...}, fedcm:accounts: true, goog:chromeOptions: {debuggerAddress: localhost:58696}, goog:processID: 45932, networkConnectionEnabled: false, pageLoadStrategy: normal, platformName: WINDOWS, proxy: Proxy(), se:cdp: ws://localhost:58696/devtoo..., se:cdpVersion: 147.0.7727.56, setWindowRect: true, strictFileInteractability: false, timeouts: {implicit: 0, pageLoad: 300000, script: 30000}, unhandledPromptBehavior: accept, webauthn:extension:credBlob: true, webauthn:extension:largeBlob: true, webauthn:extension:minPinLength: true, webauthn:extension:prf: true, webauthn:virtualAuthenticators: true}
Session ID: 418e5d1978fb52afecfb38a77229bfac
	at java.base/jdk.internal.reflect.DirectConstructorHandleAccessor.newInstance(DirectConstructorHandleAccessor.java:67)
	at java.base/java.lang.reflect.Constructor.newInstanceWithCaller(Constructor.java:500)
	at java.base/java.lang.reflect.Constructor.newInstance(Constructor.java:484)
	at org.openqa.selenium.remote.codec.w3c.W3CHttpResponseCodec.createException(W3CHttpResponseCodec.java:200)
	at org.openqa.selenium.remote.codec.w3c.W3CHttpResponseCodec.decode(W3CHttpResponseCodec.java:133)
	at org.openqa.selenium.remote.codec.w3c.W3CHttpResponseCodec.decode(W3CHttpResponseCodec.java:53)
	at org.openqa.selenium.remote.HttpCommandExecutor.execute(HttpCommandExecutor.java:184)
	at org.openqa.selenium.remote.service.DriverCommandExecutor.invokeExecute(DriverCommandExecutor.java:167)
	at org.openqa.selenium.remote.service.DriverCommandExecutor.execute(DriverCommandExecutor.java:142)
	at org.openqa.selenium.remote.RemoteWebDriver.execute(RemoteWebDriver.java:588)
	at org.openqa.selenium.remote.RemoteWebDriver$RemoteTargetLocator.defaultContent(RemoteWebDriver.java:1131)
	at com.pega.framework.ScriptExecutorImpl.executeJavaScript(ScriptExecutorImpl.java:67)
	at com.pega.BrowserImpl.setIsIE9(BrowserImpl.java:486)
	at com.pega.BrowserImpl.open(BrowserImpl.java:315)
	at com.pega.BrowserImpl.open(BrowserImpl.java:284)
	at com.pega.CRMBrowser.open(CRMBrowser.java:99)
	at com.pega.config.test.TestBase.configureBrowser(TestBase.java:60)
	at com.pega.CRMTestEnvironment.setUp(CRMTestEnvironment.java:76)
]]></failure>
    <system-out><![CDATA[17:02:28.796 [main] INFO com.pega.config.SUTConfig -- Setting is.pipeline.run property to false
17:02:28.796 [main] INFO com.pega.config.SUTConfig -- Debug mode is: false
17:02:28.796 [main] INFO com.pega.config.SUTConfig -- Attach PRPC logs?false
17:02:28.796 [main] INFO com.pega.TestEnvironmentImpl -- Logger level is set to : INFO
17:02:28.990 [main] INFO com.pega.config.util.GetChromeDriver -- yes chrome.exe exists
17:02:29.070 [main] INFO com.pega.config.util.GetChromeDriver -- current driver version is 147.0.7727.57
17:02:29.071 [main] INFO com.pega.config.util.GetChromeDriver -- current version of chrome 147.0.7727.57
17:02:29.071 [main] INFO com.pega.config.util.GetChromeDriver -- local Chrome version is 147
All SSL Certificates will be accepted...
Checking availability of URL: https://googlechromelabs.github.io/chrome-for-testing/known-good-versions.json
17:02:29.164 [main] INFO com.pega.config.util.GetChromeDriver -- Chrome Version: 147	ChromeDriver version needed:147.0.7727.57
17:02:29.164 [main] INFO com.pega.config.util.GetChromeDriver -- Required chromedriver version is already available. Not attempting to download any new version
17:02:30.131 [main] INFO com.pega.drivers.PegaChromeDriver -- Chrome Driver launched successfully
17:02:30.548 [main] INFO com.pega.TestEnvironmentImpl -- Driver is initialised::ChromeDriver: chrome on WINDOWS (418e5d1978fb52afecfb38a77229bfac)
17:02:30.548 [main] INFO com.pega.Browser -- Opening the URL
]]></system-out>
    <system-err><![CDATA[Starting ChromeDriver 147.0.7727.57 (b4f28b5637d02137aa7f80eb8d589b0c005c3426-refs/branch-heads/7727_49@{#7}) on port 61525
Only local connections are allowed.
Please see https://chromedriver.chromium.org/security-considerations for suggestions on keeping ChromeDriver safe.
ChromeDriver was started successfully on port 61525.
Apr. 17, 2026 5:02:30 PM org.openqa.selenium.remote.ProtocolHandshake createSession
INFORMATION: Detected upstream dialect: W3C
Apr. 17, 2026 5:02:30 PM org.openqa.selenium.devtools.CdpVersionFinder findNearestMatch
WARNUNG: Unable to find an exact match for CDP version 147, so returning the closest version found: a no-op implementation
Apr. 17, 2026 5:02:30 PM org.openqa.selenium.devtools.CdpVersionFinder findNearestMatch
INFORMATION: Unable to find CDP implementation matching 147.
Apr. 17, 2026 5:02:30 PM org.openqa.selenium.chromium.ChromiumDriver lambda$new$3
WARNUNG: Unable to find version of CDP to use for . You may need to include a dependency on a specific version of the CDP using something similar to `org.seleniumhq.selenium:selenium-devtools-v86:4.2.2` where the version ("v86") matches the version of the chromium-based browser you're using and the version number of the artifact is the same as Selenium's.
]]></system-err>
  </testcase>
  <testcase name="runScenario[&quot;Phone Interaction with email search and Schedule Activity&quot;, &quot;Optional[Phone Interaction Test cases]&quot;](6)" classname="RunCukesTest" time="28.264">
    <failure message="unknown error: net::ERR_CONNECTION_TIMED_OUT&#10;  (Session info: chrome=147.0.7727.56)&#10;Build info: version: &apos;4.2.2&apos;, revision: &apos;683ccb65d6&apos;&#10;System info: host: &apos;EGORNIKER-NB&apos;, ip: &apos;192.168.178.26&apos;, os.name: &apos;Windows 11&apos;, os.arch: &apos;amd64&apos;, os.version: &apos;10.0&apos;, java.version: &apos;19.0.2&apos;&#10;Driver info: org.openqa.selenium.chrome.ChromeDriver&#10;Command: [e745c8c168e921c063aa499025e4ad00, get {url=https://10.225.92.180:8443/prweb}]&#10;Capabilities {acceptInsecureCerts: false, browserName: chrome, browserVersion: 147.0.7727.56, chrome: {chromedriverVersion: 147.0.7727.57 (b4f28b5637d0..., userDataDir: C:\Users\E59B5~1.GOR\AppDat...}, fedcm:accounts: true, goog:chromeOptions: {debuggerAddress: localhost:52440}, goog:processID: 29936, networkConnectionEnabled: false, pageLoadStrategy: normal, platformName: WINDOWS, proxy: Proxy(), se:cdp: ws://localhost:52440/devtoo..., se:cdpVersion: 147.0.7727.56, setWindowRect: true, strictFileInteractability: false, timeouts: {implicit: 0, pageLoad: 300000, script: 30000}, unhandledPromptBehavior: accept, webauthn:extension:credBlob: true, webauthn:extension:largeBlob: true, webauthn:extension:minPinLength: true, webauthn:extension:prf: true, webauthn:virtualAuthenticators: true}&#10;Session ID: e745c8c168e921c063aa499025e4ad00" type="org.openqa.selenium.WebDriverException"><![CDATA[org.openqa.selenium.WebDriverException: 
unknown error: net::ERR_CONNECTION_TIMED_OUT
  (Session info: chrome=147.0.7727.56)
Build info: version: '4.2.2', revision: '683ccb65d6'
System info: host: 'EGORNIKER-NB', ip: '192.168.178.26', os.name: 'Windows 11', os.arch: 'amd64', os.version: '10.0', java.version: '19.0.2'
Driver info: org.openqa.selenium.chrome.ChromeDriver
Command: [e745c8c168e921c063aa499025e4ad00, get {url=https://10.225.92.180:8443/prweb}]
Capabilities {acceptInsecureCerts: false, browserName: chrome, browserVersion: 147.0.7727.56, chrome: {chromedriverVersion: 147.0.7727.57 (b4f28b5637d0..., userDataDir: C:\Users\E59B5~1.GOR\AppDat...}, fedcm:accounts: true, goog:chromeOptions: {debuggerAddress: localhost:52440}, goog:processID: 29936, networkConnectionEnabled: false, pageLoadStrategy: normal, platformName: WINDOWS, proxy: Proxy(), se:cdp: ws://localhost:52440/devtoo..., se:cdpVersion: 147.0.7727.56, setWindowRect: true, strictFileInteractability: false, timeouts: {implicit: 0, pageLoad: 300000, script: 30000}, unhandledPromptBehavior: accept, webauthn:extension:credBlob: true, webauthn:extension:largeBlob: true, webauthn:extension:minPinLength: true, webauthn:extension:prf: true, webauthn:virtualAuthenticators: true}
Session ID: e745c8c168e921c063aa499025e4ad00
	at java.base/jdk.internal.reflect.DirectConstructorHandleAccessor.newInstance(DirectConstructorHandleAccessor.java:67)
	at java.base/java.lang.reflect.Constructor.newInstanceWithCaller(Constructor.java:500)
	at java.base/java.lang.reflect.Constructor.newInstance(Constructor.java:484)
	at org.openqa.selenium.remote.codec.w3c.W3CHttpResponseCodec.createException(W3CHttpResponseCodec.java:200)
	at org.openqa.selenium.remote.codec.w3c.W3CHttpResponseCodec.decode(W3CHttpResponseCodec.java:133)
	at org.openqa.selenium.remote.codec.w3c.W3CHttpResponseCodec.decode(W3CHttpResponseCodec.java:53)
	at org.openqa.selenium.remote.HttpCommandExecutor.execute(HttpCommandExecutor.java:184)
	at org.openqa.selenium.remote.service.DriverCommandExecutor.invokeExecute(DriverCommandExecutor.java:167)
	at org.openqa.selenium.remote.service.DriverCommandExecutor.execute(DriverCommandExecutor.java:142)
	at org.openqa.selenium.remote.RemoteWebDriver.execute(RemoteWebDriver.java:588)
	at org.openqa.selenium.remote.RemoteWebDriver.get(RemoteWebDriver.java:351)
	at com.pega.BrowserImpl.open(BrowserImpl.java:314)
	at com.pega.BrowserImpl.open(BrowserImpl.java:284)
	at com.pega.CRMBrowser.open(CRMBrowser.java:99)
	at com.pega.config.test.TestBase.configureBrowser(TestBase.java:60)
	at com.pega.CRMTestEnvironment.setUp(CRMTestEnvironment.java:76)
]]></failure>
    <system-out><![CDATA[17:02:38.854 [main] INFO com.pega.config.SUTConfig -- Setting is.pipeline.run property to false
17:02:38.854 [main] INFO com.pega.config.SUTConfig -- Debug mode is: false
17:02:38.854 [main] INFO com.pega.config.SUTConfig -- Attach PRPC logs?false
17:02:38.854 [main] INFO com.pega.TestEnvironmentImpl -- Logger level is set to : INFO
17:02:39.044 [main] INFO com.pega.config.util.GetChromeDriver -- yes chrome.exe exists
17:02:39.127 [main] INFO com.pega.config.util.GetChromeDriver -- current driver version is 147.0.7727.57
17:02:39.128 [main] INFO com.pega.config.util.GetChromeDriver -- current version of chrome 147.0.7727.57
17:02:39.128 [main] INFO com.pega.config.util.GetChromeDriver -- local Chrome version is 147
All SSL Certificates will be accepted...
Checking availability of URL: https://googlechromelabs.github.io/chrome-for-testing/known-good-versions.json
17:02:39.210 [main] INFO com.pega.config.util.GetChromeDriver -- Chrome Version: 147	ChromeDriver version needed:147.0.7727.57
17:02:39.210 [main] INFO com.pega.config.util.GetChromeDriver -- Required chromedriver version is already available. Not attempting to download any new version
17:02:40.169 [main] INFO com.pega.drivers.PegaChromeDriver -- Chrome Driver launched successfully
17:02:40.263 [main] INFO com.pega.TestEnvironmentImpl -- Driver is initialised::ChromeDriver: chrome on WINDOWS (e745c8c168e921c063aa499025e4ad00)
17:02:40.263 [main] INFO com.pega.Browser -- Opening the URL
]]></system-out>
    <system-err><![CDATA[Starting ChromeDriver 147.0.7727.57 (b4f28b5637d02137aa7f80eb8d589b0c005c3426-refs/branch-heads/7727_49@{#7}) on port 58388
Only local connections are allowed.
Please see https://chromedriver.chromium.org/security-considerations for suggestions on keeping ChromeDriver safe.
ChromeDriver was started successfully on port 58388.
Apr. 17, 2026 5:02:40 PM org.openqa.selenium.remote.ProtocolHandshake createSession
INFORMATION: Detected upstream dialect: W3C
Apr. 17, 2026 5:02:40 PM org.openqa.selenium.devtools.CdpVersionFinder findNearestMatch
WARNUNG: Unable to find an exact match for CDP version 147, so returning the closest version found: a no-op implementation
Apr. 17, 2026 5:02:40 PM org.openqa.selenium.devtools.CdpVersionFinder findNearestMatch
INFORMATION: Unable to find CDP implementation matching 147.
Apr. 17, 2026 5:02:40 PM org.openqa.selenium.chromium.ChromiumDriver lambda$new$3
WARNUNG: Unable to find version of CDP to use for . You may need to include a dependency on a specific version of the CDP using something similar to `org.seleniumhq.selenium:selenium-devtools-v86:4.2.2` where the version ("v86") matches the version of the chromium-based browser you're using and the version number of the artifact is the same as Selenium's.
]]></system-err>
  </testcase>
  <testcase name="runScenario[&quot;Dispute transaction with amount low amount&quot;, &quot;Optional[Service Process Test cases]&quot;](7)" classname="RunCukesTest" time="28.153">
    <failure message="unknown error: net::ERR_CONNECTION_TIMED_OUT&#10;  (Session info: chrome=147.0.7727.56)&#10;Build info: version: &apos;4.2.2&apos;, revision: &apos;683ccb65d6&apos;&#10;System info: host: &apos;EGORNIKER-NB&apos;, ip: &apos;192.168.178.26&apos;, os.name: &apos;Windows 11&apos;, os.arch: &apos;amd64&apos;, os.version: &apos;10.0&apos;, java.version: &apos;19.0.2&apos;&#10;Driver info: org.openqa.selenium.chrome.ChromeDriver&#10;Command: [8af913bafc2d126f62dc086625a2d54a, get {url=https://10.225.92.180:8443/prweb}]&#10;Capabilities {acceptInsecureCerts: false, browserName: chrome, browserVersion: 147.0.7727.56, chrome: {chromedriverVersion: 147.0.7727.57 (b4f28b5637d0..., userDataDir: C:\Users\E59B5~1.GOR\AppDat...}, fedcm:accounts: true, goog:chromeOptions: {debuggerAddress: localhost:53497}, goog:processID: 45736, networkConnectionEnabled: false, pageLoadStrategy: normal, platformName: WINDOWS, proxy: Proxy(), se:cdp: ws://localhost:53497/devtoo..., se:cdpVersion: 147.0.7727.56, setWindowRect: true, strictFileInteractability: false, timeouts: {implicit: 0, pageLoad: 300000, script: 30000}, unhandledPromptBehavior: accept, webauthn:extension:credBlob: true, webauthn:extension:largeBlob: true, webauthn:extension:minPinLength: true, webauthn:extension:prf: true, webauthn:virtualAuthenticators: true}&#10;Session ID: 8af913bafc2d126f62dc086625a2d54a" type="org.openqa.selenium.WebDriverException"><![CDATA[org.openqa.selenium.WebDriverException: 
unknown error: net::ERR_CONNECTION_TIMED_OUT
  (Session info: chrome=147.0.7727.56)
Build info: version: '4.2.2', revision: '683ccb65d6'
System info: host: 'EGORNIKER-NB', ip: '192.168.178.26', os.name: 'Windows 11', os.arch: 'amd64', os.version: '10.0', java.version: '19.0.2'
Driver info: org.openqa.selenium.chrome.ChromeDriver
Command: [8af913bafc2d126f62dc086625a2d54a, get {url=https://10.225.92.180:8443/prweb}]
Capabilities {acceptInsecureCerts: false, browserName: chrome, browserVersion: 147.0.7727.56, chrome: {chromedriverVersion: 147.0.7727.57 (b4f28b5637d0..., userDataDir: C:\Users\E59B5~1.GOR\AppDat...}, fedcm:accounts: true, goog:chromeOptions: {debuggerAddress: localhost:53497}, goog:processID: 45736, networkConnectionEnabled: false, pageLoadStrategy: normal, platformName: WINDOWS, proxy: Proxy(), se:cdp: ws://localhost:53497/devtoo..., se:cdpVersion: 147.0.7727.56, setWindowRect: true, strictFileInteractability: false, timeouts: {implicit: 0, pageLoad: 300000, script: 30000}, unhandledPromptBehavior: accept, webauthn:extension:credBlob: true, webauthn:extension:largeBlob: true, webauthn:extension:minPinLength: true, webauthn:extension:prf: true, webauthn:virtualAuthenticators: true}
Session ID: 8af913bafc2d126f62dc086625a2d54a
	at java.base/jdk.internal.reflect.DirectConstructorHandleAccessor.newInstance(DirectConstructorHandleAccessor.java:67)
	at java.base/java.lang.reflect.Constructor.newInstanceWithCaller(Constructor.java:500)
	at java.base/java.lang.reflect.Constructor.newInstance(Constructor.java:484)
	at org.openqa.selenium.remote.codec.w3c.W3CHttpResponseCodec.createException(W3CHttpResponseCodec.java:200)
	at org.openqa.selenium.remote.codec.w3c.W3CHttpResponseCodec.decode(W3CHttpResponseCodec.java:133)
	at org.openqa.selenium.remote.codec.w3c.W3CHttpResponseCodec.decode(W3CHttpResponseCodec.java:53)
	at org.openqa.selenium.remote.HttpCommandExecutor.execute(HttpCommandExecutor.java:184)
	at org.openqa.selenium.remote.service.DriverCommandExecutor.invokeExecute(DriverCommandExecutor.java:167)
	at org.openqa.selenium.remote.service.DriverCommandExecutor.execute(DriverCommandExecutor.java:142)
	at org.openqa.selenium.remote.RemoteWebDriver.execute(RemoteWebDriver.java:588)
	at org.openqa.selenium.remote.RemoteWebDriver.get(RemoteWebDriver.java:351)
	at com.pega.BrowserImpl.open(BrowserImpl.java:314)
	at com.pega.BrowserImpl.open(BrowserImpl.java:284)
	at com.pega.CRMBrowser.open(CRMBrowser.java:99)
	at com.pega.config.test.TestBase.configureBrowser(TestBase.java:60)
	at com.pega.CRMTestEnvironment.setUp(CRMTestEnvironment.java:76)
]]></failure>
    <system-out><![CDATA[17:03:07.118 [main] INFO com.pega.config.SUTConfig -- Setting is.pipeline.run property to false
17:03:07.118 [main] INFO com.pega.config.SUTConfig -- Debug mode is: false
17:03:07.118 [main] INFO com.pega.config.SUTConfig -- Attach PRPC logs?false
17:03:07.118 [main] INFO com.pega.TestEnvironmentImpl -- Logger level is set to : INFO
17:03:07.295 [main] INFO com.pega.config.util.GetChromeDriver -- yes chrome.exe exists
17:03:07.369 [main] INFO com.pega.config.util.GetChromeDriver -- current driver version is 147.0.7727.57
17:03:07.369 [main] INFO com.pega.config.util.GetChromeDriver -- current version of chrome 147.0.7727.57
17:03:07.369 [main] INFO com.pega.config.util.GetChromeDriver -- local Chrome version is 147
All SSL Certificates will be accepted...
Checking availability of URL: https://googlechromelabs.github.io/chrome-for-testing/known-good-versions.json
17:03:07.452 [main] INFO com.pega.config.util.GetChromeDriver -- Chrome Version: 147	ChromeDriver version needed:147.0.7727.57
17:03:07.452 [main] INFO com.pega.config.util.GetChromeDriver -- Required chromedriver version is already available. Not attempting to download any new version
17:03:08.292 [main] INFO com.pega.drivers.PegaChromeDriver -- Chrome Driver launched successfully
17:03:08.391 [main] INFO com.pega.TestEnvironmentImpl -- Driver is initialised::ChromeDriver: chrome on WINDOWS (8af913bafc2d126f62dc086625a2d54a)
17:03:08.391 [main] INFO com.pega.Browser -- Opening the URL
]]></system-out>
    <system-err><![CDATA[Starting ChromeDriver 147.0.7727.57 (b4f28b5637d02137aa7f80eb8d589b0c005c3426-refs/branch-heads/7727_49@{#7}) on port 58719
Only local connections are allowed.
Please see https://chromedriver.chromium.org/security-considerations for suggestions on keeping ChromeDriver safe.
ChromeDriver was started successfully on port 58719.
Apr. 17, 2026 5:03:08 PM org.openqa.selenium.remote.ProtocolHandshake createSession
INFORMATION: Detected upstream dialect: W3C
Apr. 17, 2026 5:03:08 PM org.openqa.selenium.devtools.CdpVersionFinder findNearestMatch
WARNUNG: Unable to find an exact match for CDP version 147, so returning the closest version found: a no-op implementation
Apr. 17, 2026 5:03:08 PM org.openqa.selenium.devtools.CdpVersionFinder findNearestMatch
INFORMATION: Unable to find CDP implementation matching 147.
Apr. 17, 2026 5:03:08 PM org.openqa.selenium.chromium.ChromiumDriver lambda$new$3
WARNUNG: Unable to find version of CDP to use for . You may need to include a dependency on a specific version of the CDP using something similar to `org.seleniumhq.selenium:selenium-devtools-v86:4.2.2` where the version ("v86") matches the version of the chromium-based browser you're using and the version number of the artifact is the same as Selenium's.
]]></system-err>
  </testcase>
</testsuite>