-------------------------------------------------------------------------------
Test set: TestSuite
-------------------------------------------------------------------------------
Tests run: 7, Failures: 7, Errors: 0, Skipped: 0, Time elapsed: 187.455 s <<< FAILURE! - in TestSuite
RunCukesTest.runScenario["Verify Favourites functionality", "Optional[BO user Test cases]"](1)  Time elapsed: 32.539 s  <<< FAILURE!
org.openqa.selenium.WebDriverException: 
unknown error: net::ERR_CONNECTION_TIMED_OUT
  (Session info: chrome=147.0.7727.56)
Build info: version: '4.2.2', revision: '683ccb65d6'
System info: host: 'EGORNIKER-NB', ip: '192.168.178.26', os.name: 'Windows 11', os.arch: 'amd64', os.version: '10.0', java.version: '19.0.2'
Driver info: org.openqa.selenium.chrome.ChromeDriver
Command: [0183533b6102ab3bb29394c6738f3d1a, get {url=https://10.225.92.180:8443/prweb}]
Capabilities {acceptInsecureCerts: false, browserName: chrome, browserVersion: 147.0.7727.56, chrome: {chromedriverVersion: 147.0.7727.57 (b4f28b5637d0..., userDataDir: C:\Users\E59B5~1.GOR\AppDat...}, fedcm:accounts: true, goog:chromeOptions: {debuggerAddress: localhost:62569}, goog:processID: 43952, networkConnectionEnabled: false, pageLoadStrategy: normal, platformName: WINDOWS, proxy: Proxy(), se:cdp: ws://localhost:62569/devtoo..., se:cdpVersion: 147.0.7727.56, setWindowRect: true, strictFileInteractability: false, timeouts: {implicit: 0, pageLoad: 300000, script: 30000}, unhandledPromptBehavior: accept, webauthn:extension:credBlob: true, webauthn:extension:largeBlob: true, webauthn:extension:minPinLength: true, webauthn:extension:prf: true, webauthn:virtualAuthenticators: true}
Session ID: 0183533b6102ab3bb29394c6738f3d1a
	at java.base/jdk.internal.reflect.DirectConstructorHandleAccessor.newInstance(DirectConstructorHandleAccessor.java:67)
	at java.base/java.lang.reflect.Constructor.newInstanceWithCaller(Constructor.java:500)
	at java.base/java.lang.reflect.Constructor.newInstance(Constructor.java:484)
	at org.openqa.selenium.remote.codec.w3c.W3CHttpResponseCodec.createException(W3CHttpResponseCodec.java:200)
	at org.openqa.selenium.remote.codec.w3c.W3CHttpResponseCodec.decode(W3CHttpResponseCodec.java:133)
	at org.openqa.selenium.remote.codec.w3c.W3CHttpResponseCodec.decode(W3CHttpResponseCodec.java:53)
	at org.openqa.selenium.remote.HttpCommandExecutor.execute(HttpCommandExecutor.java:184)
	at org.openqa.selenium.remote.service.DriverCommandExecutor.invokeExecute(DriverCommandExecutor.java:167)
	at org.openqa.selenium.remote.service.DriverCommandExecutor.execute(DriverCommandExecutor.java:142)
	at org.openqa.selenium.remote.RemoteWebDriver.execute(RemoteWebDriver.java:588)
	at org.openqa.selenium.remote.RemoteWebDriver.get(RemoteWebDriver.java:351)
	at com.pega.BrowserImpl.open(BrowserImpl.java:314)
	at com.pega.BrowserImpl.open(BrowserImpl.java:284)
	at com.pega.CRMBrowser.open(CRMBrowser.java:99)
	at com.pega.config.test.TestBase.configureBrowser(TestBase.java:60)
	at com.pega.CRMTestEnvironment.setUp(CRMTestEnvironment.java:76)

RunCukesTest.runScenario["Validation when Account is switched from Individual to Commercial", "Optional[Demo Interaction Test cases]"](2)  Time elapsed: 28.334 s  <<< FAILURE!
org.openqa.selenium.WebDriverException: 
unknown error: net::ERR_CONNECTION_TIMED_OUT
  (Session info: chrome=147.0.7727.56)
Build info: version: '4.2.2', revision: '683ccb65d6'
System info: host: 'EGORNIKER-NB', ip: '192.168.178.26', os.name: 'Windows 11', os.arch: 'amd64', os.version: '10.0', java.version: '19.0.2'
Driver info: org.openqa.selenium.chrome.ChromeDriver
Command: [baa96f6f81e94edbd5d1ba3d7fc08040, get {url=https://10.225.92.180:8443/prweb}]
Capabilities {acceptInsecureCerts: false, browserName: chrome, browserVersion: 147.0.7727.56, chrome: {chromedriverVersion: 147.0.7727.57 (b4f28b5637d0..., userDataDir: C:\Users\E59B5~1.GOR\AppDat...}, fedcm:accounts: true, goog:chromeOptions: {debuggerAddress: localhost:60047}, goog:processID: 8204, networkConnectionEnabled: false, pageLoadStrategy: normal, platformName: WINDOWS, proxy: Proxy(), se:cdp: ws://localhost:60047/devtoo..., se:cdpVersion: 147.0.7727.56, setWindowRect: true, strictFileInteractability: false, timeouts: {implicit: 0, pageLoad: 300000, script: 30000}, unhandledPromptBehavior: accept, webauthn:extension:credBlob: true, webauthn:extension:largeBlob: true, webauthn:extension:minPinLength: true, webauthn:extension:prf: true, webauthn:virtualAuthenticators: true}
Session ID: baa96f6f81e94edbd5d1ba3d7fc08040
	at java.base/jdk.internal.reflect.DirectConstructorHandleAccessor.newInstance(DirectConstructorHandleAccessor.java:67)
	at java.base/java.lang.reflect.Constructor.newInstanceWithCaller(Constructor.java:500)
	at java.base/java.lang.reflect.Constructor.newInstance(Constructor.java:484)
	at org.openqa.selenium.remote.codec.w3c.W3CHttpResponseCodec.createException(W3CHttpResponseCodec.java:200)
	at org.openqa.selenium.remote.codec.w3c.W3CHttpResponseCodec.decode(W3CHttpResponseCodec.java:133)
	at org.openqa.selenium.remote.codec.w3c.W3CHttpResponseCodec.decode(W3CHttpResponseCodec.java:53)
	at org.openqa.selenium.remote.HttpCommandExecutor.execute(HttpCommandExecutor.java:184)
	at org.openqa.selenium.remote.service.DriverCommandExecutor.invokeExecute(DriverCommandExecutor.java:167)
	at org.openqa.selenium.remote.service.DriverCommandExecutor.execute(DriverCommandExecutor.java:142)
	at org.openqa.selenium.remote.RemoteWebDriver.execute(RemoteWebDriver.java:588)
	at org.openqa.selenium.remote.RemoteWebDriver.get(RemoteWebDriver.java:351)
	at com.pega.BrowserImpl.open(BrowserImpl.java:314)
	at com.pega.BrowserImpl.open(BrowserImpl.java:284)
	at com.pega.CRMBrowser.open(CRMBrowser.java:99)
	at com.pega.config.test.TestBase.configureBrowser(TestBase.java:60)
	at com.pega.CRMTestEnvironment.setUp(CRMTestEnvironment.java:76)

RunCukesTest.runScenario["Verify all the options present under account and Create Lead for user", "Optional[Demo Interaction Test cases]"](3)  Time elapsed: 28.733 s  <<< FAILURE!
org.openqa.selenium.WebDriverException: 
unknown error: net::ERR_CONNECTION_TIMED_OUT
  (Session info: chrome=147.0.7727.56)
Build info: version: '4.2.2', revision: '683ccb65d6'
System info: host: 'EGORNIKER-NB', ip: '192.168.178.26', os.name: 'Windows 11', os.arch: 'amd64', os.version: '10.0', java.version: '19.0.2'
Driver info: org.openqa.selenium.chrome.ChromeDriver
Command: [9baa8ec08b1c6973e7838755500bca0e, get {url=https://10.225.92.180:8443/prweb}]
Capabilities {acceptInsecureCerts: false, browserName: chrome, browserVersion: 147.0.7727.56, chrome: {chromedriverVersion: 147.0.7727.57 (b4f28b5637d0..., userDataDir: C:\Users\E59B5~1.GOR\AppDat...}, fedcm:accounts: true, goog:chromeOptions: {debuggerAddress: localhost:58744}, goog:processID: 31964, networkConnectionEnabled: false, pageLoadStrategy: normal, platformName: WINDOWS, proxy: Proxy(), se:cdp: ws://localhost:58744/devtoo..., se:cdpVersion: 147.0.7727.56, setWindowRect: true, strictFileInteractability: false, timeouts: {implicit: 0, pageLoad: 300000, script: 30000}, unhandledPromptBehavior: accept, webauthn:extension:credBlob: true, webauthn:extension:largeBlob: true, webauthn:extension:minPinLength: true, webauthn:extension:prf: true, webauthn:virtualAuthenticators: true}
Session ID: 9baa8ec08b1c6973e7838755500bca0e
	at java.base/jdk.internal.reflect.DirectConstructorHandleAccessor.newInstance(DirectConstructorHandleAccessor.java:67)
	at java.base/java.lang.reflect.Constructor.newInstanceWithCaller(Constructor.java:500)
	at java.base/java.lang.reflect.Constructor.newInstance(Constructor.java:484)
	at org.openqa.selenium.remote.codec.w3c.W3CHttpResponseCodec.createException(W3CHttpResponseCodec.java:200)
	at org.openqa.selenium.remote.codec.w3c.W3CHttpResponseCodec.decode(W3CHttpResponseCodec.java:133)
	at org.openqa.selenium.remote.codec.w3c.W3CHttpResponseCodec.decode(W3CHttpResponseCodec.java:53)
	at org.openqa.selenium.remote.HttpCommandExecutor.execute(HttpCommandExecutor.java:184)
	at org.openqa.selenium.remote.service.DriverCommandExecutor.invokeExecute(DriverCommandExecutor.java:167)
	at org.openqa.selenium.remote.service.DriverCommandExecutor.execute(DriverCommandExecutor.java:142)
	at org.openqa.selenium.remote.RemoteWebDriver.execute(RemoteWebDriver.java:588)
	at org.openqa.selenium.remote.RemoteWebDriver.get(RemoteWebDriver.java:351)
	at com.pega.BrowserImpl.open(BrowserImpl.java:314)
	at com.pega.BrowserImpl.open(BrowserImpl.java:284)
	at com.pega.CRMBrowser.open(CRMBrowser.java:99)
	at com.pega.config.test.TestBase.configureBrowser(TestBase.java:60)
	at com.pega.CRMTestEnvironment.setUp(CRMTestEnvironment.java:76)

RunCukesTest.runScenario["Outbound phone call with Address Change and Disconnected Number", "Optional[Outbound Phone call test cases]"](4)  Time elapsed: 28.566 s  <<< FAILURE!
org.openqa.selenium.WebDriverException: 
unknown error: net::ERR_CONNECTION_TIMED_OUT
  (Session info: chrome=147.0.7727.56)
Build info: version: '4.2.2', revision: '683ccb65d6'
System info: host: 'EGORNIKER-NB', ip: '192.168.178.26', os.name: 'Windows 11', os.arch: 'amd64', os.version: '10.0', java.version: '19.0.2'
Driver info: org.openqa.selenium.chrome.ChromeDriver
Command: [6b3adee96c10561fd5b9698dc69b10fa, get {url=https://10.225.92.180:8443/prweb}]
Capabilities {acceptInsecureCerts: false, browserName: chrome, browserVersion: 147.0.7727.56, chrome: {chromedriverVersion: 147.0.7727.57 (b4f28b5637d0..., userDataDir: C:\Users\E59B5~1.GOR\AppDat...}, fedcm:accounts: true, goog:chromeOptions: {debuggerAddress: localhost:52552}, goog:processID: 41992, networkConnectionEnabled: false, pageLoadStrategy: normal, platformName: WINDOWS, proxy: Proxy(), se:cdp: ws://localhost:52552/devtoo..., se:cdpVersion: 147.0.7727.56, setWindowRect: true, strictFileInteractability: false, timeouts: {implicit: 0, pageLoad: 300000, script: 30000}, unhandledPromptBehavior: accept, webauthn:extension:credBlob: true, webauthn:extension:largeBlob: true, webauthn:extension:minPinLength: true, webauthn:extension:prf: true, webauthn:virtualAuthenticators: true}
Session ID: 6b3adee96c10561fd5b9698dc69b10fa
	at java.base/jdk.internal.reflect.DirectConstructorHandleAccessor.newInstance(DirectConstructorHandleAccessor.java:67)
	at java.base/java.lang.reflect.Constructor.newInstanceWithCaller(Constructor.java:500)
	at java.base/java.lang.reflect.Constructor.newInstance(Constructor.java:484)
	at org.openqa.selenium.remote.codec.w3c.W3CHttpResponseCodec.createException(W3CHttpResponseCodec.java:200)
	at org.openqa.selenium.remote.codec.w3c.W3CHttpResponseCodec.decode(W3CHttpResponseCodec.java:133)
	at org.openqa.selenium.remote.codec.w3c.W3CHttpResponseCodec.decode(W3CHttpResponseCodec.java:53)
	at org.openqa.selenium.remote.HttpCommandExecutor.execute(HttpCommandExecutor.java:184)
	at org.openqa.selenium.remote.service.DriverCommandExecutor.invokeExecute(DriverCommandExecutor.java:167)
	at org.openqa.selenium.remote.service.DriverCommandExecutor.execute(DriverCommandExecutor.java:142)
	at org.openqa.selenium.remote.RemoteWebDriver.execute(RemoteWebDriver.java:588)
	at org.openqa.selenium.remote.RemoteWebDriver.get(RemoteWebDriver.java:351)
	at com.pega.BrowserImpl.open(BrowserImpl.java:314)
	at com.pega.BrowserImpl.open(BrowserImpl.java:284)
	at com.pega.CRMBrowser.open(CRMBrowser.java:99)
	at com.pega.config.test.TestBase.configureBrowser(TestBase.java:60)
	at com.pega.CRMTestEnvironment.setUp(CRMTestEnvironment.java:76)

RunCukesTest.runScenario["Outbound phone call answered with DisputeTransaction", "Optional[Outbound Phone call test cases]"](5)  Time elapsed: 10.06 s  <<< FAILURE!
org.openqa.selenium.NoSuchWindowException: 
no such window: target window already closed
from unknown error: web view not found
  (Session info: chrome=147.0.7727.56)
Build info: version: '4.2.2', revision: '683ccb65d6'
System info: host: 'EGORNIKER-NB', ip: '192.168.178.26', os.name: 'Windows 11', os.arch: 'amd64', os.version: '10.0', java.version: '19.0.2'
Driver info: org.openqa.selenium.chrome.ChromeDriver
Command: [418e5d1978fb52afecfb38a77229bfac, switchToFrame {id=null}]
Capabilities {acceptInsecureCerts: false, browserName: chrome, browserVersion: 147.0.7727.56, chrome: {chromedriverVersion: 147.0.7727.57 (b4f28b5637d0..., userDataDir: C:\Users\E59B5~1.GOR\AppDat...}, fedcm:accounts: true, goog:chromeOptions: {debuggerAddress: localhost:58696}, goog:processID: 45932, networkConnectionEnabled: false, pageLoadStrategy: normal, platformName: WINDOWS, proxy: Proxy(), se:cdp: ws://localhost:58696/devtoo..., se:cdpVersion: 147.0.7727.56, setWindowRect: true, strictFileInteractability: false, timeouts: {implicit: 0, pageLoad: 300000, script: 30000}, unhandledPromptBehavior: accept, webauthn:extension:credBlob: true, webauthn:extension:largeBlob: true, webauthn:extension:minPinLength: true, webauthn:extension:prf: true, webauthn:virtualAuthenticators: true}
Session ID: 418e5d1978fb52afecfb38a77229bfac
	at java.base/jdk.internal.reflect.DirectConstructorHandleAccessor.newInstance(DirectConstructorHandleAccessor.java:67)
	at java.base/java.lang.reflect.Constructor.newInstanceWithCaller(Constructor.java:500)
	at java.base/java.lang.reflect.Constructor.newInstance(Constructor.java:484)
	at org.openqa.selenium.remote.codec.w3c.W3CHttpResponseCodec.createException(W3CHttpResponseCodec.java:200)
	at org.openqa.selenium.remote.codec.w3c.W3CHttpResponseCodec.decode(W3CHttpResponseCodec.java:133)
	at org.openqa.selenium.remote.codec.w3c.W3CHttpResponseCodec.decode(W3CHttpResponseCodec.java:53)
	at org.openqa.selenium.remote.HttpCommandExecutor.execute(HttpCommandExecutor.java:184)
	at org.openqa.selenium.remote.service.DriverCommandExecutor.invokeExecute(DriverCommandExecutor.java:167)
	at org.openqa.selenium.remote.service.DriverCommandExecutor.execute(DriverCommandExecutor.java:142)
	at org.openqa.selenium.remote.RemoteWebDriver.execute(RemoteWebDriver.java:588)
	at org.openqa.selenium.remote.RemoteWebDriver$RemoteTargetLocator.defaultContent(RemoteWebDriver.java:1131)
	at com.pega.framework.ScriptExecutorImpl.executeJavaScript(ScriptExecutorImpl.java:67)
	at com.pega.BrowserImpl.setIsIE9(BrowserImpl.java:486)
	at com.pega.BrowserImpl.open(BrowserImpl.java:315)
	at com.pega.BrowserImpl.open(BrowserImpl.java:284)
	at com.pega.CRMBrowser.open(CRMBrowser.java:99)
	at com.pega.config.test.TestBase.configureBrowser(TestBase.java:60)
	at com.pega.CRMTestEnvironment.setUp(CRMTestEnvironment.java:76)

RunCukesTest.runScenario["Phone Interaction with email search and Schedule Activity", "Optional[Phone Interaction Test cases]"](6)  Time elapsed: 28.264 s  <<< FAILURE!
org.openqa.selenium.WebDriverException: 
unknown error: net::ERR_CONNECTION_TIMED_OUT
  (Session info: chrome=147.0.7727.56)
Build info: version: '4.2.2', revision: '683ccb65d6'
System info: host: 'EGORNIKER-NB', ip: '192.168.178.26', os.name: 'Windows 11', os.arch: 'amd64', os.version: '10.0', java.version: '19.0.2'
Driver info: org.openqa.selenium.chrome.ChromeDriver
Command: [e745c8c168e921c063aa499025e4ad00, get {url=https://10.225.92.180:8443/prweb}]
Capabilities {acceptInsecureCerts: false, browserName: chrome, browserVersion: 147.0.7727.56, chrome: {chromedriverVersion: 147.0.7727.57 (b4f28b5637d0..., userDataDir: C:\Users\E59B5~1.GOR\AppDat...}, fedcm:accounts: true, goog:chromeOptions: {debuggerAddress: localhost:52440}, goog:processID: 29936, networkConnectionEnabled: false, pageLoadStrategy: normal, platformName: WINDOWS, proxy: Proxy(), se:cdp: ws://localhost:52440/devtoo..., se:cdpVersion: 147.0.7727.56, setWindowRect: true, strictFileInteractability: false, timeouts: {implicit: 0, pageLoad: 300000, script: 30000}, unhandledPromptBehavior: accept, webauthn:extension:credBlob: true, webauthn:extension:largeBlob: true, webauthn:extension:minPinLength: true, webauthn:extension:prf: true, webauthn:virtualAuthenticators: true}
Session ID: e745c8c168e921c063aa499025e4ad00
	at java.base/jdk.internal.reflect.DirectConstructorHandleAccessor.newInstance(DirectConstructorHandleAccessor.java:67)
	at java.base/java.lang.reflect.Constructor.newInstanceWithCaller(Constructor.java:500)
	at java.base/java.lang.reflect.Constructor.newInstance(Constructor.java:484)
	at org.openqa.selenium.remote.codec.w3c.W3CHttpResponseCodec.createException(W3CHttpResponseCodec.java:200)
	at org.openqa.selenium.remote.codec.w3c.W3CHttpResponseCodec.decode(W3CHttpResponseCodec.java:133)
	at org.openqa.selenium.remote.codec.w3c.W3CHttpResponseCodec.decode(W3CHttpResponseCodec.java:53)
	at org.openqa.selenium.remote.HttpCommandExecutor.execute(HttpCommandExecutor.java:184)
	at org.openqa.selenium.remote.service.DriverCommandExecutor.invokeExecute(DriverCommandExecutor.java:167)
	at org.openqa.selenium.remote.service.DriverCommandExecutor.execute(DriverCommandExecutor.java:142)
	at org.openqa.selenium.remote.RemoteWebDriver.execute(RemoteWebDriver.java:588)
	at org.openqa.selenium.remote.RemoteWebDriver.get(RemoteWebDriver.java:351)
	at com.pega.BrowserImpl.open(BrowserImpl.java:314)
	at com.pega.BrowserImpl.open(BrowserImpl.java:284)
	at com.pega.CRMBrowser.open(CRMBrowser.java:99)
	at com.pega.config.test.TestBase.configureBrowser(TestBase.java:60)
	at com.pega.CRMTestEnvironment.setUp(CRMTestEnvironment.java:76)

RunCukesTest.runScenario["Dispute transaction with amount low amount", "Optional[Service Process Test cases]"](7)  Time elapsed: 28.153 s  <<< FAILURE!
org.openqa.selenium.WebDriverException: 
unknown error: net::ERR_CONNECTION_TIMED_OUT
  (Session info: chrome=147.0.7727.56)
Build info: version: '4.2.2', revision: '683ccb65d6'
System info: host: 'EGORNIKER-NB', ip: '192.168.178.26', os.name: 'Windows 11', os.arch: 'amd64', os.version: '10.0', java.version: '19.0.2'
Driver info: org.openqa.selenium.chrome.ChromeDriver
Command: [8af913bafc2d126f62dc086625a2d54a, get {url=https://10.225.92.180:8443/prweb}]
Capabilities {acceptInsecureCerts: false, browserName: chrome, browserVersion: 147.0.7727.56, chrome: {chromedriverVersion: 147.0.7727.57 (b4f28b5637d0..., userDataDir: C:\Users\E59B5~1.GOR\AppDat...}, fedcm:accounts: true, goog:chromeOptions: {debuggerAddress: localhost:53497}, goog:processID: 45736, networkConnectionEnabled: false, pageLoadStrategy: normal, platformName: WINDOWS, proxy: Proxy(), se:cdp: ws://localhost:53497/devtoo..., se:cdpVersion: 147.0.7727.56, setWindowRect: true, strictFileInteractability: false, timeouts: {implicit: 0, pageLoad: 300000, script: 30000}, unhandledPromptBehavior: accept, webauthn:extension:credBlob: true, webauthn:extension:largeBlob: true, webauthn:extension:minPinLength: true, webauthn:extension:prf: true, webauthn:virtualAuthenticators: true}
Session ID: 8af913bafc2d126f62dc086625a2d54a
	at java.base/jdk.internal.reflect.DirectConstructorHandleAccessor.newInstance(DirectConstructorHandleAccessor.java:67)
	at java.base/java.lang.reflect.Constructor.newInstanceWithCaller(Constructor.java:500)
	at java.base/java.lang.reflect.Constructor.newInstance(Constructor.java:484)
	at org.openqa.selenium.remote.codec.w3c.W3CHttpResponseCodec.createException(W3CHttpResponseCodec.java:200)
	at org.openqa.selenium.remote.codec.w3c.W3CHttpResponseCodec.decode(W3CHttpResponseCodec.java:133)
	at org.openqa.selenium.remote.codec.w3c.W3CHttpResponseCodec.decode(W3CHttpResponseCodec.java:53)
	at org.openqa.selenium.remote.HttpCommandExecutor.execute(HttpCommandExecutor.java:184)
	at org.openqa.selenium.remote.service.DriverCommandExecutor.invokeExecute(DriverCommandExecutor.java:167)
	at org.openqa.selenium.remote.service.DriverCommandExecutor.execute(DriverCommandExecutor.java:142)
	at org.openqa.selenium.remote.RemoteWebDriver.execute(RemoteWebDriver.java:588)
	at org.openqa.selenium.remote.RemoteWebDriver.get(RemoteWebDriver.java:351)
	at com.pega.BrowserImpl.open(BrowserImpl.java:314)
	at com.pega.BrowserImpl.open(BrowserImpl.java:284)
	at com.pega.CRMBrowser.open(CRMBrowser.java:99)
	at com.pega.config.test.TestBase.configureBrowser(TestBase.java:60)
	at com.pega.CRMTestEnvironment.setUp(CRMTestEnvironment.java:76)

