<?xml version="1.0" encoding="UTF-8"?>
<!-- Generated by org.testng.reporters.JUnitReportReporter -->
<testsuite hostname="egorniker-nb" failures="1" tests="1" name="com.pega.PilotDxSapRunCukesTest" time="0.587" errors="0" timestamp="2026-04-27T16:29:20 MESZ" skipped="0">
  <testcase classname="com.pega.PilotDxSapRunCukesTest" name="runScenario" time="0.587">
    <failure message="Es gibt fachliche Abweichungen:
TE_01 | Feld: Vermittlernummer | Erwartet: 9999-0021-11 | Tatsächlich: 9999-0021-1 | Hinweis: Wert stimmt nicht überein
TE_02 | Feld: Beitrag | Erwartet: 181,81 € | Tatsächlich: 81,81 € | Hinweis: Wert stimmt nicht überein" type="java.lang.AssertionError">
      <![CDATA[java.lang.AssertionError: Es gibt fachliche Abweichungen:
TE_01 | Feld: Vermittlernummer | Erwartet: 9999-0021-11 | Tatsächlich: 9999-0021-1 | Hinweis: Wert stimmt nicht überein
TE_02 | Feld: Beitrag | Erwartet: 181,81 € | Tatsächlich: 81,81 € | Hinweis: Wert stimmt nicht überein
at org.testng.Assert.fail(Assert.java:99)
at com.pega.pilot.steps.DxSapCompareSteps.sollenAlleRegistriertenVertragsTestsetsFachlichKorrektSein(DxSapCompareSteps.java:91)
at ✽.sollen alle registrierten Vertrags-Testsets fachlich korrekt sein(classpath:com/pega/pilot/features/dx_sap_pilot.feature:6)
]]>
    </failure>
  </testcase> <!-- runScenario -->
  <system-out/>
</testsuite> <!-- com.pega.PilotDxSapRunCukesTest -->
