<?xml version="1.0" encoding="UTF-8"?>
<!-- Generated by org.testng.reporters.JUnitReportReporter -->
<testsuite hostname="egorniker-nb" failures="0" tests="1" name="com.pega.PilotRunCukesTest" time="122.424" errors="0" timestamp="2026-04-27T13:47:27 MESZ" skipped="0">
  <testcase classname="com.pega.PilotRunCukesTest" name="runScenario" time="122.424"/>
  <system-out>
existing driver pathbinaries\chromedriver.exe in method: getCurrentVersionOfDriverAsString All SSL Certificates will be accepted... Checking availability of URL: https://googlechromelabs.github.io/chrome-for-testing/known-good-versions.json All SSL Certificates will be accepted... Checking availability of URL: https://storage.googleapis.com/chrome-for-testing-public/147.0.7727.117/win32/chromedriver-win32.zip deleted directory successfully : binaries\chromedriver-win32  </system-out>
</testsuite> <!-- com.pega.PilotRunCukesTest -->
