<?xml version="1.0" encoding="UTF-8"?>
<!-- Generated by org.testng.reporters.JUnitXMLReporter -->
<testsuite ignored="0" hostname="egorniker-nb" failures="1" tests="1" name="Surefire test" time="1.322" errors="0" timestamp="2026-04-28T13:05:14 MESZ">
  <testcase classname="io.cucumber.testng.AbstractTestNGCucumberTests" name="runScenario" time="0.641">
    <failure type="java.lang.AssertionError" message="Es gibt fachliche Abweichungen:
TE_01 | Feld: Vermittlernummer | Erwartet: 9999-0021-11 | Tatsächlich: 9999-0021-1 | Hinweis: Wert stimmt nicht überein">
      <![CDATA[java.lang.AssertionError: Es gibt fachliche Abweichungen:
TE_01 | Feld: Vermittlernummer | Erwartet: 9999-0021-11 | Tatsächlich: 9999-0021-1 | Hinweis: Wert stimmt nicht überein
at com.pega.pilot.steps.DxSapCompareSteps.sollenAlleRegistriertenVertragsTestsetsFachlichKorrektSein(DxSapCompareSteps.java:91)
at ✽.sollen alle registrierten Vertrags-Testsets fachlich korrekt sein(classpath:com/pega/pilot/features/dx_sap_pilot.feature:6)
... Removed 1 stack frames]]>
    </failure>
  </testcase> <!-- runScenario -->
</testsuite> <!-- Surefire test -->
