<?xml version="1.0" encoding="UTF-8"?>
<testsuite xmlns:xsi="http://www.w3.org/2001/XMLSchema-instance" xsi:noNamespaceSchemaLocation="https://maven.apache.org/surefire/maven-surefire-plugin/xsd/surefire-test-report-3.0.xsd" version="3.0" name="com.pega.PilotDxSapRunCukesTest" time="1.55" tests="1" errors="0" skipped="0" failures="0">
  <properties>
[...]
</properties>
  <testcase name="runScenario[&quot;Pilotvergleich der Vertragssektion&quot;, &quot;Optional[Vergleich von SAP XML und DX JSON fuer Vertragsdaten]&quot;](1)" classname="com.pega.PilotDxSapRunCukesTest" time="0.598">
    <system-out><![CDATA[
Scenario: Pilotvergleich der Vertragssektion                                                                      # com/pega/pilot/features/dx_sap_pilot.feature:3
SET TEST ID = Pilotvergleich_Vertragssektion
  Given Test-ID "Pilotvergleich_Vertragssektion"                                                                  # com.pega.pilot.steps.DxSapCompareSteps.testId(java.lang.String)
SET SAP PATH = src/test/resources/com/pega/pilot/testdata/dx_sap_pilot/sap/SAP_ER.xml
  And SAP XML Datei "src/test/resources/com/pega/pilot/testdata/dx_sap_pilot/sap/SAP_ER.xml"                      # com.pega.pilot.steps.DxSapCompareSteps.sapXmlDatei(java.lang.String)
SET DX PATH = src/test/resources/com/pega/pilot/testdata/dx_sap_pilot/dx/DX_TE.json
  And DX JSON Datei "src/test/resources/com/pega/pilot/testdata/dx_sap_pilot/dx/DX_TE.json"                       # com.pega.pilot.steps.DxSapCompareSteps.dxJsonDatei(java.lang.String)
SET MAPPING PATH = src/test/resources/com/pega/pilot/testdata/dx_sap_pilot/mapping/contract_mapping_pilot.json
  And Mapping Datei "src/test/resources/com/pega/pilot/testdata/dx_sap_pilot/mapping/contract_mapping_pilot.json" # com.pega.pilot.steps.DxSapCompareSteps.mappingDatei(java.lang.String)
BEFORE COMPARE SAP PATH = src/test/resources/com/pega/pilot/testdata/dx_sap_pilot/sap/SAP_ER.xml
BEFORE COMPARE DX PATH = src/test/resources/com/pega/pilot/testdata/dx_sap_pilot/dx/DX_TE.json
BEFORE COMPARE MAPPING PATH = src/test/resources/com/pega/pilot/testdata/dx_sap_pilot/mapping/contract_mapping_pilot.json

=== TESTBERICHT: Vertragsvergleich ===

Feld: Vertragsnummer
Signal: PASS
Feld vorhanden: Ja
Wert korrekt: Ja
Erwarteter Wert: 33-2345678-05
Tatsächlicher Wert: 33-2345678-05
Hinweis: Vertragsnummer aus ShortName extrahiert
Screenshot: -
----------------------------------------
Feld: Status
Signal: PASS
Feld vorhanden: Ja
Wert korrekt: Ja
Erwarteter Wert: Lebend
Tatsächlicher Wert: Lebend
Hinweis: Direktvergleich
Screenshot: -
----------------------------------------
Feld: Vertragsnehmer
Signal: PASS
Feld vorhanden: Ja
Wert korrekt: Ja
Erwarteter Wert: Leo Musterkind
Tatsächlicher Wert: Leo Musterkind
Hinweis: Vorname und Nachname wurden zusammengesetzt
Screenshot: -
----------------------------------------
Feld: Vermittlernummer
Signal: WARN
Feld vorhanden: Ja
Wert korrekt: Ja
Erwarteter Wert: 9999-0021-1
Tatsächlicher Wert: 9999-0021-1
Hinweis: Temporäres Mapping für Pilot
Screenshot: -
----------------------------------------
Feld: Unternehmen
Signal: PASS
Feld vorhanden: Ja
Wert korrekt: Ja
Erwarteter Wert: Württ. Krankenversicherung AG
Tatsächlicher Wert: Württ. Krankenversicherung AG
Hinweis: Unternehmensname wurde in Display-Form verglichen
Screenshot: -
----------------------------------------
Feld: Bezeichnung
Signal: PASS
Feld vorhanden: Ja
Wert korrekt: Ja
Erwarteter Wert: Kranken-Zusatzversicherung
Tatsächlicher Wert: Kranken-Zusatzversicherung
Hinweis: Bezeichnung wurde fachlich zusammengesetzt
Screenshot: -
----------------------------------------
Feld: Beitrag
Signal: PASS
Feld vorhanden: Ja
Wert korrekt: Ja
Erwarteter Wert: 81,81 €
Tatsächlicher Wert: 81,81 €
Hinweis: Pega-Währungsformat angewendet
Screenshot: -
----------------------------------------
Feld: Zahlweise
Signal: PASS
Feld vorhanden: Ja
Wert korrekt: Ja
Erwarteter Wert: Monatlich
Tatsächlicher Wert: Monatlich
Hinweis: Zahlweise wurde fachlich übersetzt
Screenshot: -
----------------------------------------
HTML Vergleichsreport erzeugt: C:\Users\e.gorniker\Documents\!VAP_Pega_TestDemo\target\dx-sap-reports\Pilotvergleich_Vertragssektion_20260427_143941.html
  When ich die Vertragsfelder vergleiche                                                                          # com.pega.pilot.steps.DxSapCompareSteps.ichDieVertragsfelderVergleiche()
  Then sollen alle Felder fachlich korrekt sein                                                                   # com.pega.pilot.steps.DxSapCompareSteps.sollenAlleFelderFachlichKorrektSein()
Testbericht wurde ausgegeben.
  And ein Testbericht soll erzeugt werden                                                                         # com.pega.pilot.steps.DxSapCompareSteps.einDeutscherTestberichtSollErzeugtWerden()
]]></system-out>
    <system-err><![CDATA[Apr. 27, 2026 2:39:40 PM io.cucumber.guice.InjectorSourceFactory loadInjectorSourceFromProperties
WARNUNG: The 'guice.injector-source' property has been deprecated.Add a class implementing 'io.cucumber.guice.InjectorSource' on the glue path instead
]]></system-err>
  </testcase>
</testsuite>