<?xml version="1.0" encoding="UTF-8"?>
<!-- Generated by org.testng.reporters.JUnitReportReporter -->
<testsuite hostname="egorniker-nb" failures="0" tests="1" name="com.pega.PilotRunCukesTest" time="142.087" errors="0" timestamp="2026-04-21T13:36:37 MESZ" skipped="0">
  <testcase classname="com.pega.PilotRunCukesTest" name="runScenario" time="142.087"/>
  <system-out>
existing driver pathbinaries\chromedriver.exe in method: getCurrentVersionOfDriverAsString All SSL Certificates will be accepted... Checking availability of URL: https://googlechromelabs.github.io/chrome-for-testing/known-good-versions.json  </system-out>
</testsuite> <!-- com.pega.PilotRunCukesTest -->
